<?xml version="1.0" encoding="UTF-8"?>
<!-- Generated by org.testng.reporters.JUnitReportReporter -->
<testsuite hostname="DESKTOP-OC9IBM4" name="com.Annotataions.FaceBookLoginAnnotations" tests="1" failures="0" timestamp="6 Aug 2019 04:01:53 GMT" time="3.195" errors="0">
  <testcase name="loginValidation" time="3.195" classname="com.Annotataions.FaceBookLoginAnnotations"/>
</testsuite> <!-- com.Annotataions.FaceBookLoginAnnotations -->
