<?xml version="1.0" encoding="UTF-8"?>
<!-- Generated by org.testng.reporters.JUnitReportReporter -->
<testsuite hostname="DESKTOP-OC9IBM4" name="com.DateAndTime.Date_TimeForWorldClock" tests="1" failures="0" timestamp="31 Jul 2019 09:43:45 GMT" time="14.825" errors="0">
  <testcase name="getColData" time="14.825" classname="com.DateAndTime.Date_TimeForWorldClock"/>
</testsuite> <!-- com.DateAndTime.Date_TimeForWorldClock -->
