<?xml version="1.0" encoding="UTF-8"?>
<!-- Generated by org.testng.reporters.JUnitReportReporter -->
<testsuite hostname="DESKTOP-OC9IBM4" name="com.Annotataions.Annotations_BeforeAndAfter_Test" tests="3" failures="0" timestamp="5 Aug 2019 08:47:07 GMT" time="0.012" errors="0">
  <testcase name="ComposeMail" time="0.007" classname="com.Annotataions.Annotations_BeforeAndAfter_Test"/>
  <testcase name="LoginFunctionality" time="0.003" classname="com.Annotataions.Annotations_BeforeAndAfter_Test"/>
  <testcase name="sentMail" time="0.002" classname="com.Annotataions.Annotations_BeforeAndAfter_Test"/>
</testsuite> <!-- com.Annotataions.Annotations_BeforeAndAfter_Test -->
