<?xml version="1.0" encoding="UTF-8"?>
<!-- Generated by org.testng.reporters.JUnitReportReporter -->
<testsuite hostname="DESKTOP-OC9IBM4" name="com.DataDriven.RegisterUserNewTours" tests="2" failures="0" timestamp="3 Aug 2019 07:15:56 GMT" time="331.018" errors="0">
  <testcase name="register" time="1.046" classname="com.DataDriven.RegisterUserNewTours"/>
  <testcase name="fillData" time="329.972" classname="com.DataDriven.RegisterUserNewTours"/>
</testsuite> <!-- com.DataDriven.RegisterUserNewTours -->
