<?xml version="1.0" encoding="UTF-8"?>
<!-- Generated by org.testng.reporters.JUnitReportReporter -->
<testsuite hostname="DESKTOP-OC9IBM4" name="com.WebTableSingleColumnData.SingleColumnDataFromWebTable" tests="1" failures="0" timestamp="1 Aug 2019 07:32:26 GMT" time="3.388" errors="0">
  <testcase name="testCase" time="3.388" classname="com.WebTableSingleColumnData.SingleColumnDataFromWebTable"/>
</testsuite> <!-- com.WebTableSingleColumnData.SingleColumnDataFromWebTable -->
