<?xml version="1.0" encoding="UTF-8"?>
<!-- Generated by org.testng.reporters.JUnitReportReporter -->
<testsuite hostname="DESKTOP-OC9IBM4" name="com.CompleteWebTableData.TestCase" tests="1" failures="0" timestamp="1 Aug 2019 08:18:43 GMT" time="21.177" errors="0">
  <testcase name="TestCase" time="21.177" classname="com.CompleteWebTableData.TestCase"/>
</testsuite> <!-- com.CompleteWebTableData.TestCase -->
