<?xml version="1.0" encoding="UTF-8"?>
<!-- Generated by org.testng.reporters.JUnitReportReporter -->
<testsuite hostname="DESKTOP-OC9IBM4" name="com.RadioButtonsAutomation.RadioButtonAllGroups" tests="1" failures="0" timestamp="31 Jul 2019 09:26:43 GMT" time="3.195" errors="0">
  <testcase name="code" time="3.195" classname="com.RadioButtonsAutomation.RadioButtonAllGroups"/>
</testsuite> <!-- com.RadioButtonsAutomation.RadioButtonAllGroups -->
