<?xml version="1.0" encoding="UTF-8"?>
<!-- Generated by org.testng.reporters.JUnitReportReporter -->
<testsuite hostname="DESKTOP-OC9IBM4" name="com.RadioButtonsAutomation.RadioButtonsHTMLPage" tests="1" failures="0" timestamp="31 Jul 2019 08:56:09 GMT" time="0.950" errors="0">
  <testcase name="codeOperation" time="0.950" classname="com.RadioButtonsAutomation.RadioButtonsHTMLPage"/>
</testsuite> <!-- com.RadioButtonsAutomation.RadioButtonsHTMLPage -->
