<?xml version="1.0" encoding="UTF-8"?>
<!-- Generated by org.testng.reporters.JUnitReportReporter -->
<testsuite hostname="DESKTOP-OC9IBM4" name="com.Annotataions.TestNG_Annotation_TestCase" tests="3" failures="0" timestamp="30 Jul 2019 04:36:45 GMT" time="0.021" errors="0">
  <testcase name="gmailApplicationLaunch" time="0.015" classname="com.Annotataions.TestNG_Annotation_TestCase"/>
  <testcase name="ComposeMail" time="0.004" classname="com.Annotataions.TestNG_Annotation_TestCase"/>
  <testcase name="InboxFunctionality" time="0.002" classname="com.Annotataions.TestNG_Annotation_TestCase"/>
</testsuite> <!-- com.Annotataions.TestNG_Annotation_TestCase -->
