<?xml version="1.0" encoding="UTF-8"?>
<!-- Generated by org.testng.reporters.JUnitReportReporter -->
<testsuite hostname="DESKTOP-OC9IBM4" name="com.Annotataions.BeforeMethodandAfterMethod" tests="3" failures="0" timestamp="31 Jul 2019 03:56:22 GMT" time="0.016" errors="0">
  <testcase name="loginFunctionality" time="0.016" classname="com.Annotataions.BeforeMethodandAfterMethod"/>
  <testcase name="selectProduct" time="0.000" classname="com.Annotataions.BeforeMethodandAfterMethod"/>
  <testcase name="contactInfo" time="0.000" classname="com.Annotataions.BeforeMethodandAfterMethod"/>
</testsuite> <!-- com.Annotataions.BeforeMethodandAfterMethod -->
